Jul.-06 10:54:03.497 [main] DEBUG nextflow.cli.Launcher - $> nextflow main.nf --help
Jul.-06 10:54:03.714 [main] INFO  nextflow.cli.CmdRun - N E X T F L O W  ~  version 21.10.6
Jul.-06 10:54:03.776 [main] INFO  nextflow.cli.CmdRun - Launching `main.nf` [silly_lovelace] - revision: b1fdd41d13
Jul.-06 10:54:03.819 [main] DEBUG nextflow.config.ConfigBuilder - Found config local: /home/fdumais/Desktop/Acuity/nextflow_registration/nextflow.config
Jul.-06 10:54:03.823 [main] DEBUG nextflow.config.ConfigBuilder - Parsing config file: /home/fdumais/Desktop/Acuity/nextflow_registration/nextflow.config
Jul.-06 10:54:03.877 [main] DEBUG nextflow.config.ConfigBuilder - Applying config profile: `standard`
Jul.-06 10:54:05.534 [main] DEBUG nextflow.plugin.PluginsFacade - Setting up plugin manager > mode=prod; plugins-dir=/home/fdumais/.nextflow/plugins
Jul.-06 10:54:05.537 [main] DEBUG nextflow.plugin.PluginsFacade - Plugins default=[]
Jul.-06 10:54:05.546 [main] INFO  org.pf4j.DefaultPluginStatusProvider - Enabled plugins: []
Jul.-06 10:54:05.547 [main] INFO  org.pf4j.DefaultPluginStatusProvider - Disabled plugins: []
Jul.-06 10:54:05.553 [main] INFO  org.pf4j.DefaultPluginManager - PF4J version 3.4.1 in 'deployment' mode
Jul.-06 10:54:05.562 [main] INFO  org.pf4j.AbstractPluginManager - No plugins
Jul.-06 10:54:05.719 [main] DEBUG nextflow.Session - Session uuid: 14c4636b-e6e0-4609-aa3d-8b7ec806ae0f
Jul.-06 10:54:05.719 [main] DEBUG nextflow.Session - Run name: silly_lovelace
Jul.-06 10:54:05.720 [main] DEBUG nextflow.Session - Executor pool size: 24
Jul.-06 10:54:05.767 [main] DEBUG nextflow.cli.CmdRun - 
  Version: 21.10.6 build 5660
  Created: 21-12-2021 16:55 UTC (11:55 EDT)
  System: Linux 5.13.0-52-generic
  Runtime: Groovy 3.0.9 on OpenJDK 64-Bit Server VM 11.0.15+10-Ubuntu-0ubuntu0.20.04.1
  Encoding: UTF-8 (UTF-8)
  Process: 1251187@fdumais-desktop [127.0.1.1]
  CPUs: 24 - Mem: 62.7 GB (424.9 MB) - Swap: 2 GB (837.4 MB)
Jul.-06 10:54:05.814 [main] DEBUG nextflow.Session - Work-dir: /home/fdumais/Desktop/Acuity/nextflow_registration/work [ext2/ext3]
Jul.-06 10:54:05.814 [main] DEBUG nextflow.Session - Script base path does not exist or is not a directory: /home/fdumais/Desktop/Acuity/nextflow_registration/bin
Jul.-06 10:54:05.822 [main] DEBUG nextflow.executor.ExecutorFactory - Extension executors providers=[]
Jul.-06 10:54:05.849 [main] DEBUG nextflow.Session - Observer factory: DefaultObserverFactory
Jul.-06 10:54:05.897 [main] DEBUG nextflow.util.CustomThreadPool - Creating default thread pool > poolSize: 25; maxThreads: 1000
Jul.-06 10:54:06.015 [main] DEBUG nextflow.Session - Session start invoked
Jul.-06 10:54:06.683 [main] DEBUG nextflow.script.ScriptRunner - > Launching execution
Jul.-06 10:54:06.805 [main] INFO  nextflow.script.BaseScript - Pipeline for FINTA MultiBundle
======================================

USAGE

nextflow run main.nf --input ... [OPTIONAL_ARGUMENTS]


DESCRIPTION

    --input=/path/to/[root]              Root folder containing multiple subjects

                                        [root]
                                        ├── S1
                                        │   ├── metrics
                                        |   |   └── t1.nii.gz
                                        │   └── bundles
                                        |       └── *.trk
                                        └── S2
                                            └── *

    --target_anat                        Path to reference anatomy of the atlas

    OPTIONAL ARGUMENTS (current value)

    --register_processes                    Number of processes for registration task (4).
    --resampling                            Resample streamline to a fixe number of points (-1).
    --processes                             The number of parallel processes to launch (24).
                                            Only affects the local scheduler.

    --output_dir                            Directory where to write the final results.
                                            By default, will be in "./results"
                                            
    --registration_speed                    Registration speed 0 = antsRegsitrationSyN.sh, 1 = antsRegsitrationSyNQuick.sh
                                            Default: (1) -> Using: (1)

NOTES

Use '-C config_file.config' to specify a non-default configuration file.
The '-C config_file.config' must be inserted after the nextflow call
like 'nextflow -C config_file.config run ...'.

Jul.-06 10:54:06.807 [main] DEBUG nextflow.Session - Workflow process names [dsl1]: Register_Streamlines, Register_Anat
Jul.-06 10:54:06.807 [main] DEBUG nextflow.script.ScriptRunner - > Await termination 
Jul.-06 10:54:06.807 [main] DEBUG nextflow.Session - Session await
Jul.-06 10:54:06.807 [main] DEBUG nextflow.Session - Session await > all process finished
Jul.-06 10:54:06.808 [main] DEBUG nextflow.Session - Session await > all barriers passed
Jul.-06 10:54:06.823 [main] DEBUG nextflow.trace.WorkflowStatsObserver - Workflow completed > WorkflowStats[succeededCount=0; failedCount=0; ignoredCount=0; cachedCount=0; pendingCount=0; submittedCount=0; runningCount=0; retriesCount=0; abortedCount=0; succeedDuration=0ms; failedDuration=0ms; cachedDuration=0ms;loadCpus=0; loadMemory=0; peakRunning=0; peakCpus=0; peakMemory=0; ]
Jul.-06 10:54:06.868 [main] DEBUG nextflow.CacheDB - Closing CacheDB done
Jul.-06 10:54:06.892 [main] DEBUG nextflow.script.ScriptRunner - > Execution complete -- Goodbye
